[debug] [2022-08-10T13:07:35.867Z] ----------------------------------------------------------------------
[debug] [2022-08-10T13:07:35.871Z] Command:       C:\Program Files\nodejs\node.exe C:\Users\razva\AppData\Roaming\npm\node_modules\firebase-tools\lib\bin\firebase.js emulators:start
[debug] [2022-08-10T13:07:35.871Z] CLI Version:   10.9.2
[debug] [2022-08-10T13:07:35.871Z] Platform:      win32
[debug] [2022-08-10T13:07:35.871Z] Node Version:  v14.15.4
[debug] [2022-08-10T13:07:35.872Z] Time:          Wed Aug 10 2022 16:07:35 GMT+0300 (Eastern European Summer Time)
[debug] [2022-08-10T13:07:35.872Z] ----------------------------------------------------------------------
[debug] 
[debug] [2022-08-10T13:07:35.960Z] > command requires scopes: ["email","openid","https://www.googleapis.com/auth/cloudplatformprojects.readonly","https://www.googleapis.com/auth/firebase","https://www.googleapis.com/auth/cloud-platform"]
[debug] [2022-08-10T13:07:35.960Z] > authorizing via signed-in user (zaheudev@gmail.com)
[info] i  emulators: Starting emulators: functions, hosting {"metadata":{"emulator":{"name":"hub"},"message":"Starting emulators: functions, hosting"}}
[debug] [2022-08-10T13:07:36.017Z] [hub] writing locator at C:\Users\razva\AppData\Local\Temp\hub-plus-aspect.json
[warn] !  functions: The following emulators are not running, calls to these services from the Functions emulator will affect production: auth, firestore, database, pubsub, storage {"metadata":{"emulator":{"name":"functions"},"message":"The following emulators are not running, calls to these services from the Functions emulator will affect production: \u001b[1mauth, firestore, database, pubsub, storage\u001b[22m"}}
[warn] !  Your requested "node" version "16" doesn't match your global version "14". Using node@14 from host. {"metadata":{"emulator":{"name":"functions"},"message":"Your requested \"node\" version \"16\" doesn't match your global version \"14\". Using node@14 from host."}}
[debug] [2022-08-10T13:07:36.079Z] defaultcredentials: writing to file C:\Users\razva\AppData\Roaming\firebase\zaheudev_gmail_com_application_default_credentials.json
[debug] [2022-08-10T13:07:36.097Z] Setting GAC to C:\Users\razva\AppData\Roaming\firebase\zaheudev_gmail_com_application_default_credentials.json {"metadata":{"emulator":{"name":"functions"},"message":"Setting GAC to C:\\Users\\razva\\AppData\\Roaming\\firebase\\zaheudev_gmail_com_application_default_credentials.json"}}
[debug] [2022-08-10T13:07:36.103Z] >>> [apiv2][query] GET https://firebase.googleapis.com/v1beta1/projects/plus-aspect/adminSdkConfig [none]
[debug] [2022-08-10T13:07:36.424Z] <<< [apiv2][status] GET https://firebase.googleapis.com/v1beta1/projects/plus-aspect/adminSdkConfig 200
[debug] [2022-08-10T13:07:36.424Z] <<< [apiv2][body] GET https://firebase.googleapis.com/v1beta1/projects/plus-aspect/adminSdkConfig {"projectId":"plus-aspect","storageBucket":"plus-aspect.appspot.com","locationId":"europe-west"}
[debug] [2022-08-10T13:07:36.438Z] >>> [apiv2][query] GET https://firebasehosting.googleapis.com/v1beta1/projects/plus-aspect/sites 
[debug] [2022-08-10T13:07:37.688Z] <<< [apiv2][status] GET https://firebasehosting.googleapis.com/v1beta1/projects/plus-aspect/sites 200
[debug] [2022-08-10T13:07:37.688Z] <<< [apiv2][body] GET https://firebasehosting.googleapis.com/v1beta1/projects/plus-aspect/sites {"sites":[{"name":"projects/plus-aspect/sites/plus-aspect","defaultUrl":"https://plus-aspect.web.app","appId":"1:662237916494:web:82991d8476f7d3d407821f","type":"DEFAULT_SITE"}]}
[debug] [2022-08-10T13:07:37.689Z] >>> [apiv2][query] GET https://firebase.googleapis.com/v1beta1/projects/plus-aspect/webApps/1:662237916494:web:82991d8476f7d3d407821f/config [none]
[debug] [2022-08-10T13:07:38.546Z] <<< [apiv2][status] GET https://firebase.googleapis.com/v1beta1/projects/plus-aspect/webApps/1:662237916494:web:82991d8476f7d3d407821f/config 200
[debug] [2022-08-10T13:07:38.546Z] <<< [apiv2][body] GET https://firebase.googleapis.com/v1beta1/projects/plus-aspect/webApps/1:662237916494:web:82991d8476f7d3d407821f/config {"projectId":"plus-aspect","appId":"1:662237916494:web:82991d8476f7d3d407821f","storageBucket":"plus-aspect.appspot.com","locationId":"europe-west","apiKey":"AIzaSyDSA2tJE5LeU-re3afMahFBRBxJtCSPwVU","authDomain":"plus-aspect.firebaseapp.com","messagingSenderId":"662237916494","measurementId":"G-R6FLP2790G"}
[info] i  hosting: Serving hosting files from: out {"metadata":{"emulator":{"name":"hosting"},"message":"Serving hosting files from: \u001b[1mout\u001b[22m"}}
[info] +  hosting: Local server: http://localhost:5000 {"metadata":{"emulator":{"name":"hosting"},"message":"Local server: \u001b[4m\u001b[1mhttp://localhost:5000\u001b[22m\u001b[24m"}}
[debug] [2022-08-10T13:07:38.587Z] Ignoring unsupported arg: auto_download {"metadata":{"emulator":{"name":"ui"},"message":"Ignoring unsupported arg: auto_download"}}
[debug] [2022-08-10T13:07:38.587Z] Ignoring unsupported arg: port {"metadata":{"emulator":{"name":"ui"},"message":"Ignoring unsupported arg: port"}}
[debug] [2022-08-10T13:07:38.587Z] Starting Emulator UI with command {"binary":"node","args":["C:\\Users\\razva\\.cache\\firebase\\emulators\\ui-v1.7.0\\server.bundle.js"],"optionalArgs":[],"joinArgs":false} {"metadata":{"emulator":{"name":"ui"},"message":"Starting Emulator UI with command {\"binary\":\"node\",\"args\":[\"C:\\\\Users\\\\razva\\\\.cache\\\\firebase\\\\emulators\\\\ui-v1.7.0\\\\server.bundle.js\"],\"optionalArgs\":[],\"joinArgs\":false}"}}
[info] i  ui: Emulator UI logging to ui-debug.log {"metadata":{"emulator":{"name":"ui"},"message":"Emulator UI logging to \u001b[1mui-debug.log\u001b[22m"}}
[debug] [2022-08-10T13:07:38.795Z] Web / API server started at localhost:4000
 {"metadata":{"emulator":{"name":"ui"},"message":"Web / API server started at localhost:4000\n"}}
[info] i  functions: Watching "C:\Users\razva\Desktop\plus-aspect\site\functions" for Cloud Functions... {"metadata":{"emulator":{"name":"functions"},"message":"Watching \"C:\\Users\\razva\\Desktop\\plus-aspect\\site\\functions\" for Cloud Functions..."}}
[debug] [2022-08-10T13:07:38.866Z] Validating nodejs source
[debug] [2022-08-10T13:07:41.718Z] > [functions] package.json contents: {
  "name": "functions",
  "description": "Cloud Functions for Firebase",
  "scripts": {
    "serve": "firebase emulators:start --only functions",
    "shell": "firebase functions:shell",
    "start": "npm run shell",
    "deploy": "firebase deploy --only functions",
    "logs": "firebase functions:log",
    "lint": ""
  },
  "engines": {
    "node": "16"
  },
  "main": "index.js",
  "dependencies": {
    "cors": "^2.8.5",
    "firebase-admin": "^10.0.2",
    "firebase-functions": "^3.18.0",
    "sib-api-v3-sdk": "^8.4.0"
  },
  "devDependencies": {
    "firebase-functions-test": "^0.2.0"
  },
  "private": true
}
[debug] [2022-08-10T13:07:41.719Z] Building nodejs source
[debug] [2022-08-10T13:07:41.719Z] Analyzing nodejs backend spec
[debug] [2022-08-10T13:07:41.720Z] Could not find functions.yaml. Must use http discovery
[debug] [2022-08-10T13:07:42.026Z] Serving at port 9006

[debug] [2022-08-10T13:07:42.652Z] Got response from /__/functions.yaml {"endpoints":{"sendData":{"platform":"gcfv1","httpsTrigger":{},"entryPoint":"sendData"}},"specVersion":"v1alpha1","requiredAPIs":[]}
[debug] [2022-08-10T13:07:42.664Z] shutdown requested via /__/quitquitquit

[info] +  functions[us-central1-sendData]: http function initialized (http://localhost:5001/plus-aspect/us-central1/sendData). {"metadata":{"emulator":{"name":"functions"},"message":"\u001b[1mhttp\u001b[22m function initialized (http://localhost:5001/plus-aspect/us-central1/sendData)."}}
[info] 
┌─────────────────────────────────────────────────────────────┐
│ ✔  All emulators ready! It is now safe to connect your app. │
│ i  View Emulator UI at http://localhost:4000                │
└─────────────────────────────────────────────────────────────┘

┌───────────┬────────────────┬─────────────────────────────────┐
│ Emulator  │ Host:Port      │ View in Emulator UI             │
├───────────┼────────────────┼─────────────────────────────────┤
│ Functions │ localhost:5001 │ http://localhost:4000/functions │
├───────────┼────────────────┼─────────────────────────────────┤
│ Hosting   │ localhost:5000 │ n/a                             │
└───────────┴────────────────┴─────────────────────────────────┘
  Emulator Hub running at localhost:4400
  Other reserved ports: 4500

Issues? Report them at https://github.com/firebase/firebase-tools/issues and attach the *-debug.log files.
 
[debug] [2022-08-10T13:07:49.642Z] [work-queue] {"queueLength":1,"workRunningCount":0}
[debug] [2022-08-10T13:07:49.642Z] [work-queue] {"queueLength":0,"workRunningCount":1}
[debug] [2022-08-10T13:07:49.643Z] Accepted request POST /plus-aspect/us-central1/sendData --> us-central1-sendData
[debug] [2022-08-10T13:07:49.656Z] [worker-pool] addWorker(us-central1-sendData) {"metadata":{"emulator":{"name":"functions"},"message":"[worker-pool] addWorker(us-central1-sendData)"}}
[debug] [2022-08-10T13:07:49.657Z] [worker-pool] Adding worker with key us-central1-sendData, total=1 {"metadata":{"emulator":{"name":"functions"},"message":"[worker-pool] Adding worker with key us-central1-sendData, total=1"}}
[debug] [2022-08-10T13:07:49.657Z] [worker-pool] submitWork(triggerId=us-central1-sendData) {"metadata":{"emulator":{"name":"functions"},"message":"[worker-pool] submitWork(triggerId=us-central1-sendData)"}}
[debug] [2022-08-10T13:07:49.657Z] [worker-us-central1-sendData-8812c2e5-1574-4322-96fd-dcb4a18ca5bf]: Assigning socketPath: \\?\pipe\C:\Users\razva\Desktop\plus-aspect\site\functions\8128 {"metadata":{"emulator":{"name":"functions"},"message":"[worker-us-central1-sendData-8812c2e5-1574-4322-96fd-dcb4a18ca5bf]: Assigning socketPath: \\\\?\\pipe\\C:\\Users\\razva\\Desktop\\plus-aspect\\site\\functions\\8128"}}
[debug] [2022-08-10T13:07:49.658Z] [worker-us-central1-sendData-8812c2e5-1574-4322-96fd-dcb4a18ca5bf]: BUSY {"metadata":{"emulator":{"name":"functions"},"message":"[worker-us-central1-sendData-8812c2e5-1574-4322-96fd-dcb4a18ca5bf]: BUSY"}}
[debug] [2022-08-10T13:07:51.551Z] [runtime-status] [8128] Functions runtime initialized. {"cwd":"C:\\Users\\razva\\Desktop\\plus-aspect\\site\\functions","node_version":"14.15.4"} {"metadata":{"emulator":{"name":"functions"},"function":{"name":"us-central1-sendData"},"extension":{},"message":"[runtime-status] [8128] Functions runtime initialized. {\"cwd\":\"C:\\\\Users\\\\razva\\\\Desktop\\\\plus-aspect\\\\site\\\\functions\",\"node_version\":\"14.15.4\"}"}}
[debug] [2022-08-10T13:07:51.555Z] [runtime-status] [8128] Disabled runtime features: undefined {"metadata":{"emulator":{"name":"functions"},"function":{"name":"us-central1-sendData"},"extension":{},"message":"[runtime-status] [8128] Disabled runtime features: undefined"}}
[debug] [2022-08-10T13:07:51.559Z] [runtime-status] [8128] Resolved module firebase-admin {"declared":true,"installed":true,"version":"10.3.0","resolution":"C:\\Users\\razva\\Desktop\\plus-aspect\\site\\functions\\node_modules\\firebase-admin\\lib\\index.js"} {"metadata":{"emulator":{"name":"functions"},"function":{"name":"us-central1-sendData"},"extension":{},"message":"[runtime-status] [8128] Resolved module firebase-admin {\"declared\":true,\"installed\":true,\"version\":\"10.3.0\",\"resolution\":\"C:\\\\Users\\\\razva\\\\Desktop\\\\plus-aspect\\\\site\\\\functions\\\\node_modules\\\\firebase-admin\\\\lib\\\\index.js\"}"}}
[debug] [2022-08-10T13:07:51.595Z] [runtime-status] [8128] Resolved module firebase-functions {"declared":true,"installed":true,"version":"3.22.0","resolution":"C:\\Users\\razva\\Desktop\\plus-aspect\\site\\functions\\node_modules\\firebase-functions\\lib\\index.js"} {"metadata":{"emulator":{"name":"functions"},"function":{"name":"us-central1-sendData"},"extension":{},"message":"[runtime-status] [8128] Resolved module firebase-functions {\"declared\":true,\"installed\":true,\"version\":\"3.22.0\",\"resolution\":\"C:\\\\Users\\\\razva\\\\Desktop\\\\plus-aspect\\\\site\\\\functions\\\\node_modules\\\\firebase-functions\\\\lib\\\\index.js\"}"}}
[debug] [2022-08-10T13:07:51.596Z] [runtime-status] [8128] Outgoing network have been stubbed. [{"name":"http","status":"mocked"},{"name":"http","status":"mocked"},{"name":"https","status":"mocked"},{"name":"https","status":"mocked"},{"name":"net","status":"mocked"}] {"metadata":{"emulator":{"name":"functions"},"function":{"name":"us-central1-sendData"},"extension":{},"message":"[runtime-status] [8128] Outgoing network have been stubbed. [{\"name\":\"http\",\"status\":\"mocked\"},{\"name\":\"http\",\"status\":\"mocked\"},{\"name\":\"https\",\"status\":\"mocked\"},{\"name\":\"https\",\"status\":\"mocked\"},{\"name\":\"net\",\"status\":\"mocked\"}]"}}
[debug] [2022-08-10T13:07:51.597Z] [runtime-status] [8128] Resolved module firebase-functions {"declared":true,"installed":true,"version":"3.22.0","resolution":"C:\\Users\\razva\\Desktop\\plus-aspect\\site\\functions\\node_modules\\firebase-functions\\lib\\index.js"} {"metadata":{"emulator":{"name":"functions"},"function":{"name":"us-central1-sendData"},"extension":{},"message":"[runtime-status] [8128] Resolved module firebase-functions {\"declared\":true,\"installed\":true,\"version\":\"3.22.0\",\"resolution\":\"C:\\\\Users\\\\razva\\\\Desktop\\\\plus-aspect\\\\site\\\\functions\\\\node_modules\\\\firebase-functions\\\\lib\\\\index.js\"}"}}
[debug] [2022-08-10T13:07:51.672Z] [runtime-status] [8128] Checked functions.config() {"config":{}} {"metadata":{"emulator":{"name":"functions"},"function":{"name":"us-central1-sendData"},"extension":{},"message":"[runtime-status] [8128] Checked functions.config() {\"config\":{}}"}}
[debug] [2022-08-10T13:07:51.672Z] [runtime-status] [8128] firebase-functions has been stubbed. {"functionsResolution":{"declared":true,"installed":true,"version":"3.22.0","resolution":"C:\\Users\\razva\\Desktop\\plus-aspect\\site\\functions\\node_modules\\firebase-functions\\lib\\index.js"}} {"metadata":{"emulator":{"name":"functions"},"function":{"name":"us-central1-sendData"},"extension":{},"message":"[runtime-status] [8128] firebase-functions has been stubbed. {\"functionsResolution\":{\"declared\":true,\"installed\":true,\"version\":\"3.22.0\",\"resolution\":\"C:\\\\Users\\\\razva\\\\Desktop\\\\plus-aspect\\\\site\\\\functions\\\\node_modules\\\\firebase-functions\\\\lib\\\\index.js\"}}"}}
[debug] [2022-08-10T13:07:51.673Z] [runtime-status] [8128] Resolved module firebase-functions {"declared":true,"installed":true,"version":"3.22.0","resolution":"C:\\Users\\razva\\Desktop\\plus-aspect\\site\\functions\\node_modules\\firebase-functions\\lib\\index.js"} {"metadata":{"emulator":{"name":"functions"},"function":{"name":"us-central1-sendData"},"extension":{},"message":"[runtime-status] [8128] Resolved module firebase-functions {\"declared\":true,\"installed\":true,\"version\":\"3.22.0\",\"resolution\":\"C:\\\\Users\\\\razva\\\\Desktop\\\\plus-aspect\\\\site\\\\functions\\\\node_modules\\\\firebase-functions\\\\lib\\\\index.js\"}"}}
[debug] [2022-08-10T13:07:51.675Z] [runtime-status] [8128] Resolved module firebase-admin {"declared":true,"installed":true,"version":"10.3.0","resolution":"C:\\Users\\razva\\Desktop\\plus-aspect\\site\\functions\\node_modules\\firebase-admin\\lib\\index.js"} {"metadata":{"emulator":{"name":"functions"},"function":{"name":"us-central1-sendData"},"extension":{},"message":"[runtime-status] [8128] Resolved module firebase-admin {\"declared\":true,\"installed\":true,\"version\":\"10.3.0\",\"resolution\":\"C:\\\\Users\\\\razva\\\\Desktop\\\\plus-aspect\\\\site\\\\functions\\\\node_modules\\\\firebase-admin\\\\lib\\\\index.js\"}"}}
[debug] [2022-08-10T13:07:51.676Z] [runtime-status] [8128] Resolved module firebase-functions {"declared":true,"installed":true,"version":"3.22.0","resolution":"C:\\Users\\razva\\Desktop\\plus-aspect\\site\\functions\\node_modules\\firebase-functions\\lib\\index.js"} {"metadata":{"emulator":{"name":"functions"},"function":{"name":"us-central1-sendData"},"extension":{},"message":"[runtime-status] [8128] Resolved module firebase-functions {\"declared\":true,\"installed\":true,\"version\":\"3.22.0\",\"resolution\":\"C:\\\\Users\\\\razva\\\\Desktop\\\\plus-aspect\\\\site\\\\functions\\\\node_modules\\\\firebase-functions\\\\lib\\\\index.js\"}"}}
[debug] [2022-08-10T13:07:51.677Z] [runtime-status] [8128] firebase-admin has been stubbed. {"adminResolution":{"declared":true,"installed":true,"version":"10.3.0","resolution":"C:\\Users\\razva\\Desktop\\plus-aspect\\site\\functions\\node_modules\\firebase-admin\\lib\\index.js"}} {"metadata":{"emulator":{"name":"functions"},"function":{"name":"us-central1-sendData"},"extension":{},"message":"[runtime-status] [8128] firebase-admin has been stubbed. {\"adminResolution\":{\"declared\":true,\"installed\":true,\"version\":\"10.3.0\",\"resolution\":\"C:\\\\Users\\\\razva\\\\Desktop\\\\plus-aspect\\\\site\\\\functions\\\\node_modules\\\\firebase-admin\\\\lib\\\\index.js\"}}"}}
[debug] [2022-08-10T13:07:51.681Z] [runtime-status] [8128] initializeApp(DEFAULT) {"storageBucket":"plus-aspect.appspot.com","projectId":"plus-aspect"} {"metadata":{"emulator":{"name":"functions"},"function":{"name":"us-central1-sendData"},"extension":{},"message":"[runtime-status] [8128] initializeApp(DEFAULT) {\"storageBucket\":\"plus-aspect.appspot.com\",\"projectId\":\"plus-aspect\"}"}}
[warn] !  functions: The Cloud Firestore emulator is not running, so calls to Firestore will affect production. {"metadata":{"emulator":{"name":"functions"},"function":{"name":"us-central1-sendData"},"extension":{},"message":"The Cloud Firestore emulator is not running, so calls to Firestore will affect production."}}
[debug] [2022-08-10T13:07:52.079Z] [runtime-status] [8128] Beginning invocation function sendData! {"metadata":{"emulator":{"name":"functions"},"function":{"name":"us-central1-sendData"},"extension":{},"message":"[runtime-status] [8128] Beginning invocation function sendData!"}}
[info] i  functions: Beginning execution of "sendData" {"metadata":{"emulator":{"name":"functions"},"function":{"name":"us-central1-sendData"},"extension":{},"message":"Beginning execution of \"sendData\""}}
[debug] [2022-08-10T13:07:52.081Z] [runtime-status] [8128] Running sendData in signature http {"metadata":{"emulator":{"name":"functions"},"function":{"name":"us-central1-sendData"},"extension":{},"message":"[runtime-status] [8128] Running sendData in signature http"}}
[debug] [2022-08-10T13:07:52.087Z] [runtime-status] [8128] Attempting to listen to socketPath: \\?\pipe\C:\Users\razva\Desktop\plus-aspect\site\functions\8128 {"metadata":{"emulator":{"name":"functions"},"function":{"name":"us-central1-sendData"},"extension":{},"message":"[runtime-status] [8128] Attempting to listen to socketPath: \\\\?\\pipe\\C:\\Users\\razva\\Desktop\\plus-aspect\\site\\functions\\8128"}}
[debug] [2022-08-10T13:07:52.090Z] [functions] Runtime ready! Sending request! {"metadata":{"emulator":{"name":"functions"},"message":"[functions] Runtime ready! Sending request!"}}
[debug] [2022-08-10T13:07:52.091Z] [functions] Got req.url=/plus-aspect/us-central1/sendData, mapping to path=/ {"metadata":{"emulator":{"name":"functions"},"message":"[functions] Got req.url=/plus-aspect/us-central1/sendData, mapping to path=/"}}
[debug] [2022-08-10T13:07:52.122Z] [runtime-status] [8128] Ephemeral server handling POST request {"metadata":{"emulator":{"name":"functions"},"function":{"name":"us-central1-sendData"},"extension":{},"message":"[runtime-status] [8128] Ephemeral server handling POST request"}}
[debug] [2022-08-10T13:07:52.129Z] [runtime-status] [8128] Ephemeral server survived. {"metadata":{"emulator":{"name":"functions"},"function":{"name":"us-central1-sendData"},"extension":{},"message":"[runtime-status] [8128] Ephemeral server survived."}}
[info] i  functions: Finished "sendData" in ~1s {"metadata":{"emulator":{"name":"functions"},"function":{"name":"us-central1-sendData"},"extension":{},"message":"Finished \"sendData\" in ~1s"}}
[debug] [2022-08-10T13:07:52.131Z] [worker-us-central1-sendData-8812c2e5-1574-4322-96fd-dcb4a18ca5bf]: IDLE {"metadata":{"emulator":{"name":"functions"},"message":"[worker-us-central1-sendData-8812c2e5-1574-4322-96fd-dcb4a18ca5bf]: IDLE"}}
[debug] [2022-08-10T13:07:52.132Z] [work-queue] {"queueLength":0,"workRunningCount":0}
[debug] [2022-08-10T13:10:04.177Z] [work-queue] {"queueLength":1,"workRunningCount":0}
[debug] [2022-08-10T13:10:04.177Z] [work-queue] {"queueLength":0,"workRunningCount":1}
[debug] [2022-08-10T13:10:04.177Z] Accepted request POST /plus-aspect/us-central1/sendData --> us-central1-sendData
[debug] [2022-08-10T13:10:04.177Z] [worker-pool] submitWork(triggerId=us-central1-sendData) {"metadata":{"emulator":{"name":"functions"},"message":"[worker-pool] submitWork(triggerId=us-central1-sendData)"}}
[debug] [2022-08-10T13:10:04.177Z] [worker-us-central1-sendData-8812c2e5-1574-4322-96fd-dcb4a18ca5bf]: Assigning socketPath: \\?\pipe\C:\Users\razva\Desktop\plus-aspect\site\functions\8128 {"metadata":{"emulator":{"name":"functions"},"message":"[worker-us-central1-sendData-8812c2e5-1574-4322-96fd-dcb4a18ca5bf]: Assigning socketPath: \\\\?\\pipe\\C:\\Users\\razva\\Desktop\\plus-aspect\\site\\functions\\8128"}}
[debug] [2022-08-10T13:10:04.177Z] [worker-us-central1-sendData-8812c2e5-1574-4322-96fd-dcb4a18ca5bf]: BUSY {"metadata":{"emulator":{"name":"functions"},"message":"[worker-us-central1-sendData-8812c2e5-1574-4322-96fd-dcb4a18ca5bf]: BUSY"}}
[debug] [2022-08-10T13:10:04.178Z] [runtime-status] [8128] Beginning invocation function sendData! {"metadata":{"emulator":{"name":"functions"},"function":{"name":"us-central1-sendData"},"extension":{},"message":"[runtime-status] [8128] Beginning invocation function sendData!"}}
[info] i  functions: Beginning execution of "sendData" {"metadata":{"emulator":{"name":"functions"},"function":{"name":"us-central1-sendData"},"extension":{},"message":"Beginning execution of \"sendData\""}}
[debug] [2022-08-10T13:10:04.179Z] [runtime-status] [8128] Running sendData in signature http {"metadata":{"emulator":{"name":"functions"},"function":{"name":"us-central1-sendData"},"extension":{},"message":"[runtime-status] [8128] Running sendData in signature http"}}
[debug] [2022-08-10T13:10:04.180Z] [runtime-status] [8128] Attempting to listen to socketPath: \\?\pipe\C:\Users\razva\Desktop\plus-aspect\site\functions\8128 {"metadata":{"emulator":{"name":"functions"},"function":{"name":"us-central1-sendData"},"extension":{},"message":"[runtime-status] [8128] Attempting to listen to socketPath: \\\\?\\pipe\\C:\\Users\\razva\\Desktop\\plus-aspect\\site\\functions\\8128"}}
[debug] [2022-08-10T13:10:04.182Z] [functions] Runtime ready! Sending request! {"metadata":{"emulator":{"name":"functions"},"message":"[functions] Runtime ready! Sending request!"}}
[debug] [2022-08-10T13:10:04.182Z] [functions] Got req.url=/plus-aspect/us-central1/sendData, mapping to path=/ {"metadata":{"emulator":{"name":"functions"},"message":"[functions] Got req.url=/plus-aspect/us-central1/sendData, mapping to path=/"}}
[debug] [2022-08-10T13:10:04.185Z] [runtime-status] [8128] Ephemeral server handling POST request {"metadata":{"emulator":{"name":"functions"},"function":{"name":"us-central1-sendData"},"extension":{},"message":"[runtime-status] [8128] Ephemeral server handling POST request"}}
[debug] [2022-08-10T13:10:04.186Z] [runtime-status] [8128] Ephemeral server survived. {"metadata":{"emulator":{"name":"functions"},"function":{"name":"us-central1-sendData"},"extension":{},"message":"[runtime-status] [8128] Ephemeral server survived."}}
[info] i  functions: Finished "sendData" in ~1s {"metadata":{"emulator":{"name":"functions"},"function":{"name":"us-central1-sendData"},"extension":{},"message":"Finished \"sendData\" in ~1s"}}
[debug] [2022-08-10T13:10:04.189Z] [worker-us-central1-sendData-8812c2e5-1574-4322-96fd-dcb4a18ca5bf]: IDLE {"metadata":{"emulator":{"name":"functions"},"message":"[worker-us-central1-sendData-8812c2e5-1574-4322-96fd-dcb4a18ca5bf]: IDLE"}}
[debug] [2022-08-10T13:10:04.189Z] [work-queue] {"queueLength":0,"workRunningCount":0}
[debug] [2022-08-10T13:10:59.255Z] File C:\Users\razva\Desktop\plus-aspect\site\functions\index.js changed, reloading triggers {"metadata":{"emulator":{"name":"functions"},"message":"File C:\\Users\\razva\\Desktop\\plus-aspect\\site\\functions\\index.js changed, reloading triggers"}}
[debug] [2022-08-10T13:11:00.256Z] [worker-pool] Shutting down IDLE worker (us-central1-sendData) {"metadata":{"emulator":{"name":"functions"},"message":"[worker-pool] Shutting down IDLE worker (us-central1-sendData)"}}
[debug] [2022-08-10T13:11:00.256Z] [worker-us-central1-sendData-8812c2e5-1574-4322-96fd-dcb4a18ca5bf]: FINISHING {"metadata":{"emulator":{"name":"functions"},"message":"[worker-us-central1-sendData-8812c2e5-1574-4322-96fd-dcb4a18ca5bf]: FINISHING"}}
